2021-01-10 00:01:01,749 - instabot version: 0.117.0 (bot) - INFO - Instabot version: 0.117.0 Started
2021-01-10 00:01:01,750 - instabot version: 0.117.0 (bot) - DEBUG - Bot imported from C:\Python\lib\site-packages\instabot\bot\bot.py
2021-01-10 00:01:03,831 - instabot version: 0.117.0 (api_login) - DEBUG - Loading cookies
2021-01-10 00:01:03,832 - instabot version: 0.117.0 (api_login) - DEBUG - Loading uuids
2021-01-10 00:01:03,832 - instabot version: 0.117.0 (api_login) - INFO - Recovery from C:\Users\ADMIN\Desktop\STHacks 2021/config/alltime_fav_uuid_and_cookie.json: COOKIE True - UUIDs True - TIMING, DEVICE and ...
- user-agent=Instagram 117.0.0.28.123 Android (28/9.0; 420dpi; 1080x1920; OnePlus; ONEPLUS A3003; OnePlus3; qcom; en_US; 180322800)
- phone_id=13766e3a-b005-4b3c-b537-fa6df1d58a87
- uuid=cb53eabf-a219-4835-a9bc-1fff76acff54
- client_session_id=65f92bd0-3435-4626-bac9-7effa93ee578
- device_id=android-47790e986fe00729
2021-01-10 00:01:03,838 - instabot version: 0.117.0 (api_login) - INFO - LOGIN FLOW! Just logged-in: False
2021-01-10 00:01:05,482 - instabot version: 0.117.0 (api) - DEBUG - POST to endpoint: feed/timeline/ returned response: <Response [200]>
2021-01-10 00:01:05,924 - instabot version: 0.117.0 (api) - DEBUG - POST to endpoint: feed/reels_tray/ returned response: <Response [200]>
2021-01-10 00:01:06,377 - instabot version: 0.117.0 (api) - DEBUG - POST to endpoint: direct_v2/ranked_recipients/ returned response: <Response [200]>
2021-01-10 00:01:06,674 - instabot version: 0.117.0 (api) - DEBUG - POST to endpoint: direct_v2/ranked_recipients/ returned response: <Response [200]>
2021-01-10 00:01:07,441 - instabot version: 0.117.0 (api) - DEBUG - POST to endpoint: direct_v2/inbox/ returned response: <Response [200]>
2021-01-10 00:01:08,162 - instabot version: 0.117.0 (api) - DEBUG - GET to endpoint: direct_v2/get_presence/ returned response: <Response [200]>
2021-01-10 00:01:08,811 - instabot version: 0.117.0 (api) - DEBUG - GET to endpoint: news/inbox/?limited_activity=true&show_su=true returned response: <Response [200]>
2021-01-10 00:01:09,087 - instabot version: 0.117.0 (api) - DEBUG - GET to endpoint: users/profile_notice/ returned response: <Response [200]>
2021-01-10 00:01:10,945 - instabot version: 0.117.0 (api) - DEBUG - POST to endpoint: discover/explore/ returned response: <Response [200]>
2021-01-10 00:01:10,947 - instabot version: 0.117.0 (api) - INFO - Logged-in successfully as 'alltime_fav'!
2021-01-10 00:01:10,947 - instabot version: 0.117.0 (bot_checkpoint) - DEBUG - Loading Checkpoint file from: C:\Users\ADMIN\Desktop\STHacks 2021/config/alltime_fav.checkpoint
2021-01-10 00:01:10,958 - instabot version: 0.117.0 (bot_checkpoint) - DEBUG - Saving Checkpoint file to: C:\Users\ADMIN\Desktop\STHacks 2021/config/alltime_fav.checkpoint
2021-01-10 00:01:10,958 - instabot version: 0.117.0 (bot) - INFO - Total requests: 31
